<?xml version="1.0" encoding="UTF-8"?>
<!-- Generated by org.testng.reporters.JUnitReportReporter -->
<testsuite hostname="DESKTOP-FJN25OM" failures="0" tests="1" name="TestScript.BaseClass" time="18.859" errors="0" timestamp="2021-03-08T16:24:14 IST" skipped="0">
  <testcase classname="TestScript.BaseClass" name="Test1" time="18.859"/>
  <system-out/>
</testsuite> <!-- TestScript.BaseClass -->
