<?xml version="1.0" encoding="UTF-8"?>
<!-- Generated by org.testng.reporters.JUnitReportReporter -->
<testsuite hostname="DESKTOP-FJN25OM" failures="0" tests="1" name="RitMoodleLoginTestNG" time="24.047" errors="0" timestamp="2021-02-10T16:11:01 IST" skipped="0">
  <testcase classname="RitMoodleLoginTestNG" name="Test" time="24.047"/>
  <system-out/>
</testsuite> <!-- RitMoodleLoginTestNG -->
