<?xml version="1.0" encoding="UTF-8"?>
<!-- Generated by org.testng.reporters.JUnitReportReporter -->
<testsuite hostname="DESKTOP-FJN25OM" failures="0" tests="1" name="TestScript.RitMoodleLoginTest" time="18.432" errors="0" timestamp="2021-03-08T16:26:10 IST" skipped="0">
  <testcase classname="TestScript.RitMoodleLoginTest" name="Test" time="18.432"/>
  <system-out/>
</testsuite> <!-- TestScript.RitMoodleLoginTest -->
