<?xml version="1.0" encoding="UTF-8"?>
<!-- Generated by org.testng.reporters.JUnitReportReporter -->
<testsuite hostname="DESKTOP-FJN25OM" failures="0" tests="1" name="TestNG_Practice.InvocationCountTest" time="0.458" errors="0" timestamp="2021-03-08T16:07:17 IST" skipped="0">
  <testcase classname="TestNG_Practice.InvocationCountTest" name="sum" time="0.458"/>
  <system-out/>
</testsuite> <!-- TestNG_Practice.InvocationCountTest -->
