<?xml version="1.0" encoding="UTF-8"?>
<!-- Generated by org.testng.reporters.JUnitReportReporter -->
<testsuite hostname="DESKTOP-FJN25OM" failures="0" tests="7" name="TestNG_Practice.PriorityAndGroups" time="0.105" errors="0" timestamp="2021-03-08T16:07:17 IST" skipped="0">
  <testcase classname="TestNG_Practice.PriorityAndGroups" name="Login" time="0.020"/>
  <system-out/>
  <testcase classname="TestNG_Practice.PriorityAndGroups" name="HomePage" time="0.002"/>
  <system-out/>
  <testcase classname="TestNG_Practice.PriorityAndGroups" name="Search" time="0.009"/>
  <system-out/>
  <testcase classname="TestNG_Practice.PriorityAndGroups" name="ClickOnFirstSearchResults" time="0.039"/>
  <system-out/>
  <testcase classname="TestNG_Practice.PriorityAndGroups" name="randomTest1" time="0.004"/>
  <system-out/>
  <testcase classname="TestNG_Practice.PriorityAndGroups" name="randomTest2" time="0.002"/>
  <system-out/>
  <testcase classname="TestNG_Practice.PriorityAndGroups" name="randomTest3" time="0.029"/>
  <system-out/>
</testsuite> <!-- TestNG_Practice.PriorityAndGroups -->
