<?xml version="1.0" encoding="UTF-8"?>
<!-- Generated by org.testng.reporters.JUnitReportReporter -->
<testsuite hostname="DESKTOP-FJN25OM" failures="0" tests="4" name="TestNG_Practice.DependsOnMethodsDemo" time="0.128" errors="0" timestamp="2021-03-08T16:07:17 IST" skipped="0">
  <testcase classname="TestNG_Practice.DependsOnMethodsDemo" name="Login" time="0.018"/>
  <system-out/>
  <testcase classname="TestNG_Practice.DependsOnMethodsDemo" name="HomePage" time="0.023"/>
  <system-out/>
  <testcase classname="TestNG_Practice.DependsOnMethodsDemo" name="Search" time="0.058"/>
  <system-out/>
  <testcase classname="TestNG_Practice.DependsOnMethodsDemo" name="ClickOnFirstSearchResults" time="0.029"/>
  <system-out/>
</testsuite> <!-- TestNG_Practice.DependsOnMethodsDemo -->
