<?xml version="1.0" encoding="UTF-8"?>
<!-- Generated by org.testng.reporters.JUnitReportReporter -->
<testsuite hostname="DESKTOP-FJN25OM" failures="0" tests="1" name="TestScript.ritMoodleLoginTestNG" time="22.241" errors="0" timestamp="2021-02-10T00:04:08 IST" skipped="0">
  <testcase classname="TestScript.ritMoodleLoginTestNG" name="Test" time="22.241"/>
  <system-out/>
</testsuite> <!-- TestScript.ritMoodleLoginTestNG -->
