<?xml version="1.0" encoding="UTF-8"?>
<!-- Generated by org.testng.reporters.JUnitReportReporter -->
<testsuite hostname="DESKTOP-FJN25OM" failures="0" tests="1" name="TestNG_Practice.DataprovidersDemo" time="0.000" errors="0" timestamp="2021-03-09T15:20:40 IST" skipped="1">
  <testcase classname="TestNG_Practice.DataprovidersDemo" name="moodleLogin" time="0.000">
    <skipped/>
  </testcase> <!-- moodleLogin -->
  <system-out/>
</testsuite> <!-- TestNG_Practice.DataprovidersDemo -->
