<?xml version="1.0" encoding="UTF-8"?>
<!-- Generated by org.testng.reporters.JUnitReportReporter -->
<testsuite hostname="DESKTOP-FJN25OM" failures="0" tests="1" name="ritMoodleLogin" time="14.014" errors="0" timestamp="2021-02-09T23:46:31 IST" skipped="0">
  <testcase classname="ritMoodleLogin" name="Test" time="14.014"/>
  <system-out/>
</testsuite> <!-- ritMoodleLogin -->
