<?xml version="1.0" encoding="UTF-8"?>
<!-- Generated by org.testng.reporters.JUnitReportReporter -->
<testsuite hostname="DESKTOP-FJN25OM" failures="0" tests="1" name="TestScript.BaseTest" time="14.171" errors="0" timestamp="2021-02-10T13:19:04 IST" skipped="0">
  <testcase classname="TestScript.BaseTest" name="Test1" time="14.171"/>
  <system-out/>
</testsuite> <!-- TestScript.BaseTest -->
